Arguments: 
  /opt/homebrew/Cellar/node/18.10.0/bin/node /opt/homebrew/Cellar/yarn/1.22.19/libexec/bin/yarn.js add aws-amplify

PATH: 
  /opt/homebrew/bin:/opt/homebrew/sbin:/usr/local/bin:/usr/bin:/bin:/usr/sbin:/sbin:/Library/Apple/usr/bin:/Users/soumya.sethy/.fig/bin:/Users/soumya.sethy/.local/bin

Yarn version: 
  1.22.19

Node version: 
  18.10.0

Platform: 
  darwin arm64

Trace: 
  SyntaxError: /Users/soumya.sethy/Desktop/code/micro-frontend/package.json: Unexpected token } in JSON at position 1093
      at JSON.parse (<anonymous>)
      at /opt/homebrew/Cellar/yarn/1.22.19/libexec/lib/cli.js:1629:59
      at Generator.next (<anonymous>)
      at step (/opt/homebrew/Cellar/yarn/1.22.19/libexec/lib/cli.js:310:30)
      at /opt/homebrew/Cellar/yarn/1.22.19/libexec/lib/cli.js:321:13

npm manifest: 
  {
    "name": "@voltmoney/micro-frontend",
    "version": "0.0.5",
    "description": "Business Logic for Volt App for Web and Mobile",
    "author": "soumyasethy <soumya.sethy@voltmoney.in>",
    "homepage": "https://github.com/VOLTMoney/micro-frontend#readme",
    "license": "ISC",
    "main": "lib/index.js",
    "types": "lib/index.d.ts",
    "directories": {
      "lib": "lib",
      "test": "__tests__"
    },
    "files": [
      "lib"
    ],
    "repository": "ssh://git@github.com:VOLTMoney/micro-frontend.git",
    "scripts": {
      "setup": "npm i --legacy-peer-deps",
      "build": "tsc",
      "dev": "tsc -w",
      "copy": "sh scripts/copy-dev.sh",
      "version-bump": "npm version patch",
      "publish": "npm publish --access public",
      "copy-watcher": "node chokidar.js",
      "npm-set-registry": "npm config set //gitlab.com/api/v4/packages/npm/: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"
    },
    "devDependencies": {
      "chokidar": "^3.5.3",
      "typescript": "^4.5.5"
    },
    "dependencies": {
      "@voltmoney/schema": "^0.0.12",
      "@voltmoney/types": "^1.0.10",
      "amazon-cognito-identity-js": "^5.2.10",
    },
    "bugs": {
      "url": "https://github.com/VOLTMoney/micro-frontend/issues"
    },
    "gitHead": "857fd575bbf509d7713cee0212d517f37af3b46d",
    "publishConfig": {
      "access": "public"
    }
  }

yarn manifest: 
  No manifest

Lockfile: 
  # THIS IS AN AUTOGENERATED FILE. DO NOT EDIT THIS FILE DIRECTLY.
  # yarn lockfile v1
  
  
  "@types/prop-types@*":
    "integrity" "sha512-JCB8C6SnDoQf0cNycqd/35A7MjcnK+ZTqE7judS6o7utxUCg6imJg3QK2qzHKszlTjcj2cn+NwMB2i96ubpj7w=="
    "resolved" "https://registry.npmjs.org/@types/prop-types/-/prop-types-15.7.5.tgz"
    "version" "15.7.5"
  
  "@types/react-dom@^18.0.6":
    "integrity" "sha512-/5OFZgfIPSwy+YuIBP/FgJnQnsxhZhjjrnxudMddeblOouIodEQ75X14Rr4wGSG/bknL+Omy9iWlLo1u/9GzAA=="
    "resolved" "https://registry.npmjs.org/@types/react-dom/-/react-dom-18.0.6.tgz"
    "version" "18.0.6"
    dependencies:
      "@types/react" "*"
  
  "@types/react-native@^0.70.4":
    "integrity" "sha512-z5tKfblHLG6jts2AQcioDw4N+F2EzflO9n495yNyqyMYRkSIVTLX64MHBeqMp5wfOY5mshy0GsOgnFSXrXKQSg=="
    "resolved" "https://registry.npmjs.org/@types/react-native/-/react-native-0.70.4.tgz"
    "version" "0.70.4"
    dependencies:
      "@types/react" "*"
  
  "@types/react@*", "@types/react@^18.0.21":
    "integrity" "sha512-7QUCOxvFgnD5Jk8ZKlUAhVcRj7GuJRjnjjiY/IUBWKgOlnvDvTMLD4RTF7NPyVmbRhNrbomZiOepg7M/2Kj1mA=="
    "resolved" "https://registry.npmjs.org/@types/react/-/react-18.0.21.tgz"
    "version" "18.0.21"
    dependencies:
      "@types/prop-types" "*"
      "@types/scheduler" "*"
      "csstype" "^3.0.2"
  
  "@types/scheduler@*":
    "integrity" "sha512-hppQEBDmlwhFAXKJX2KnWLYu5yMfi91yazPb2l+lbJiwW+wdo1gNeRA+3RgNSO39WYX2euey41KEwnqesU2Jew=="
    "resolved" "https://registry.npmjs.org/@types/scheduler/-/scheduler-0.16.2.tgz"
    "version" "0.16.2"
  
  "@voltmoney/schema@^0.0.12":
    "integrity" "sha512-DX04Vv6mizUBhy85n3Ggl8v7Vrtob3E4ykIz8Wkih40cjWp5F07Czg1qapYrRft5+4zDuTjNcpm3Pjr5q+flCw=="
    "resolved" "https://registry.npmjs.org/@voltmoney/schema/-/schema-0.0.12.tgz"
    "version" "0.0.12"
  
  "@voltmoney/types@^1.0.10":
    "integrity" "sha512-9JnmpqNwJ+EJEOsZICkMJQITYCg0o6pDswONNvO7JXp5iewJgfr2h1xf9lK2PjS/OM3M+IzWTIyUlvrPYJXhCw=="
    "resolved" "https://registry.npmjs.org/@voltmoney/types/-/types-1.0.10.tgz"
    "version" "1.0.10"
    dependencies:
      "@types/react" "^18.0.21"
      "@types/react-dom" "^18.0.6"
      "@types/react-native" "^0.70.4"
  
  "amazon-cognito-identity-js@^5.2.10":
    "integrity" "sha512-40ZFQeMjNRymyE7X7XwW78VHftPMFt3di0GsL2/lFfWOXJJWrJGuBFWBYvz/aFMpl/omZHuwwqfwR4bZ+xF5Wg=="
    "resolved" "https://registry.npmjs.org/amazon-cognito-identity-js/-/amazon-cognito-identity-js-5.2.10.tgz"
    "version" "5.2.10"
    dependencies:
      "buffer" "4.9.2"
      "crypto-js" "^4.1.1"
      "fast-base64-decode" "^1.0.0"
      "isomorphic-unfetch" "^3.0.0"
      "js-cookie" "^2.2.1"
  
  "anymatch@~3.1.2":
    "integrity" "sha512-P43ePfOAIupkguHUycrc4qJ9kz8ZiuOUijaETwX7THt0Y/GNK7v0aa8rY816xWjZ7rJdA5XdMcpVFTKMq+RvWg=="
    "resolved" "https://registry.npmjs.org/anymatch/-/anymatch-3.1.2.tgz"
    "version" "3.1.2"
    dependencies:
      "normalize-path" "^3.0.0"
      "picomatch" "^2.0.4"
  
  "available-typed-arrays@^1.0.5":
    "integrity" "sha512-DMD0KiN46eipeziST1LPP/STfDU0sufISXmjSgvVsoU2tqxctQeASejWcfNtxYKqETM1UxQ8sp2OrSBWpHY6sw=="
    "resolved" "https://registry.npmjs.org/available-typed-arrays/-/available-typed-arrays-1.0.5.tgz"
    "version" "1.0.5"
  
  "aws-sdk@^2.1230.0":
    "integrity" "sha512-7Y260dvzr7b8/lZhg6A7h5WyHvfCgdFL0NiBgCuT3/xlw9rvq9b08JNYErEpaJSmo+A5hW35n6wtzii4/FUSTA=="
    "resolved" "https://registry.npmjs.org/aws-sdk/-/aws-sdk-2.1230.0.tgz"
    "version" "2.1230.0"
    dependencies:
      "buffer" "4.9.2"
      "events" "1.1.1"
      "ieee754" "1.1.13"
      "jmespath" "0.16.0"
      "querystring" "0.2.0"
      "sax" "1.2.1"
      "url" "0.10.3"
      "util" "^0.12.4"
      "uuid" "8.0.0"
      "xml2js" "0.4.19"
  
  "base64-js@^1.0.2":
    "integrity" "sha512-AKpaYlHn8t4SVbOHCy+b5+KKgvR4vrsD8vbvrbiQJps7fKDTkjkDry6ji0rUJjC0kzbNePLwzxq8iypo41qeWA=="
    "resolved" "https://registry.npmjs.org/base64-js/-/base64-js-1.5.1.tgz"
    "version" "1.5.1"
  
  "binary-extensions@^2.0.0":
    "integrity" "sha512-jDctJ/IVQbZoJykoeHbhXpOlNBqGNcwXJKJog42E5HDPUwQTSdjCHdihjj0DlnheQ7blbT6dHOafNAiS8ooQKA=="
    "resolved" "https://registry.npmjs.org/binary-extensions/-/binary-extensions-2.2.0.tgz"
    "version" "2.2.0"
  
  "braces@~3.0.2":
    "integrity" "sha512-b8um+L1RzM3WDSzvhm6gIz1yfTbBt6YTlcEKAvsmqCZZFw46z626lVj9j1yEPW33H5H+lBQpZMP1k8l+78Ha0A=="
    "resolved" "https://registry.npmjs.org/braces/-/braces-3.0.2.tgz"
    "version" "3.0.2"
    dependencies:
      "fill-range" "^7.0.1"
  
  "buffer@4.9.2":
    "integrity" "sha512-xq+q3SRMOxGivLhBNaUdC64hDTQwejJ+H0T/NB1XMtTVEwNTrfFF3gAxiyW0Bu/xWEGhjVKgUcMhCrUy2+uCWg=="
    "resolved" "https://registry.npmjs.org/buffer/-/buffer-4.9.2.tgz"
    "version" "4.9.2"
    dependencies:
      "base64-js" "^1.0.2"
      "ieee754" "^1.1.4"
      "isarray" "^1.0.0"
  
  "call-bind@^1.0.0", "call-bind@^1.0.2":
    "integrity" "sha512-7O+FbCihrB5WGbFYesctwmTKae6rOiIzmz1icreWJ+0aA7LJfuqhEso2T9ncpcFtzMQtzXf2QGGueWJGTYsqrA=="
    "resolved" "https://registry.npmjs.org/call-bind/-/call-bind-1.0.2.tgz"
    "version" "1.0.2"
    dependencies:
      "function-bind" "^1.1.1"
      "get-intrinsic" "^1.0.2"
  
  "chokidar@^3.5.3":
    "integrity" "sha512-Dr3sfKRP6oTcjf2JmUmFJfeVMvXBdegxB0iVQ5eb2V10uFJUCAS8OByZdVAyVb8xXNz3GjjTgj9kLWsZTqE6kw=="
    "resolved" "https://registry.npmjs.org/chokidar/-/chokidar-3.5.3.tgz"
    "version" "3.5.3"
    dependencies:
      "anymatch" "~3.1.2"
      "braces" "~3.0.2"
      "glob-parent" "~5.1.2"
      "is-binary-path" "~2.1.0"
      "is-glob" "~4.0.1"
      "normalize-path" "~3.0.0"
      "readdirp" "~3.6.0"
    optionalDependencies:
      "fsevents" "~2.3.2"
  
  "crypto-js@^4.1.1":
    "integrity" "sha512-o2JlM7ydqd3Qk9CA0L4NL6mTzU2sdx96a+oOfPu8Mkl/PK51vSyoi8/rQ8NknZtk44vq15lmhAj9CIAGwgeWKw=="
    "resolved" "https://registry.npmjs.org/crypto-js/-/crypto-js-4.1.1.tgz"
    "version" "4.1.1"
  
  "csstype@^3.0.2":
    "integrity" "sha512-DJR/VvkAvSZW9bTouZue2sSxDwdTN92uHjqeKVm+0dAqdfNykRzQ95tay8aXMBAAPpUiq4Qcug2L7neoRh2Egw=="
    "resolved" "https://registry.npmjs.org/csstype/-/csstype-3.1.1.tgz"
    "version" "3.1.1"
  
  "define-properties@^1.1.3", "define-properties@^1.1.4":
    "integrity" "sha512-uckOqKcfaVvtBdsVkdPv3XjveQJsNQqmhXgRi8uhvWWuPYZCNlzT8qAyblUgNoXdHdjMTzAqeGjAoli8f+bzPA=="
    "resolved" "https://registry.npmjs.org/define-properties/-/define-properties-1.1.4.tgz"
    "version" "1.1.4"
    dependencies:
      "has-property-descriptors" "^1.0.0"
      "object-keys" "^1.1.1"
  
  "es-abstract@^1.19.0", "es-abstract@^1.19.5", "es-abstract@^1.20.0":
    "integrity" "sha512-AyrnaKVpMzljIdwjzrj+LxGmj8ik2LckwXacHqrJJ/jxz6dDDBcZ7I7nlHM0FvEW8MfbWJwOd+yT2XzYW49Frw=="
    "resolved" "https://registry.npmjs.org/es-abstract/-/es-abstract-1.20.3.tgz"
    "version" "1.20.3"
    dependencies:
      "call-bind" "^1.0.2"
      "es-to-primitive" "^1.2.1"
      "function-bind" "^1.1.1"
      "function.prototype.name" "^1.1.5"
      "get-intrinsic" "^1.1.3"
      "get-symbol-description" "^1.0.0"
      "has" "^1.0.3"
      "has-property-descriptors" "^1.0.0"
      "has-symbols" "^1.0.3"
      "internal-slot" "^1.0.3"
      "is-callable" "^1.2.6"
      "is-negative-zero" "^2.0.2"
      "is-regex" "^1.1.4"
      "is-shared-array-buffer" "^1.0.2"
      "is-string" "^1.0.7"
      "is-weakref" "^1.0.2"
      "object-inspect" "^1.12.2"
      "object-keys" "^1.1.1"
      "object.assign" "^4.1.4"
      "regexp.prototype.flags" "^1.4.3"
      "safe-regex-test" "^1.0.0"
      "string.prototype.trimend" "^1.0.5"
      "string.prototype.trimstart" "^1.0.5"
      "unbox-primitive" "^1.0.2"
  
  "es-to-primitive@^1.2.1":
    "integrity" "sha512-QCOllgZJtaUo9miYBcLChTUaHNjJF3PYs1VidD7AwiEj1kYxKeQTctLAezAOH5ZKRH0g2IgPn6KwB4IT8iRpvA=="
    "resolved" "https://registry.npmjs.org/es-to-primitive/-/es-to-primitive-1.2.1.tgz"
    "version" "1.2.1"
    dependencies:
      "is-callable" "^1.1.4"
      "is-date-object" "^1.0.1"
      "is-symbol" "^1.0.2"
  
  "events@1.1.1":
    "integrity" "sha512-kEcvvCBByWXGnZy6JUlgAp2gBIUjfCAV6P6TgT1/aaQKcmuAEC4OZTV1I4EWQLz2gxZw76atuVyvHhTxvi0Flw=="
    "resolved" "https://registry.npmjs.org/events/-/events-1.1.1.tgz"
    "version" "1.1.1"
  
  "fast-base64-decode@^1.0.0":
    "integrity" "sha512-qwaScUgUGBYeDNRnbc/KyllVU88Jk1pRHPStuF/lO7B0/RTRLj7U0lkdTAutlBblY08rwZDff6tNU9cjv6j//Q=="
    "resolved" "https://registry.npmjs.org/fast-base64-decode/-/fast-base64-decode-1.0.0.tgz"
    "version" "1.0.0"
  
  "fill-range@^7.0.1":
    "integrity" "sha512-qOo9F+dMUmC2Lcb4BbVvnKJxTPjCm+RRpe4gDuGrzkL7mEVl/djYSu2OdQ2Pa302N4oqkSg9ir6jaLWJ2USVpQ=="
    "resolved" "https://registry.npmjs.org/fill-range/-/fill-range-7.0.1.tgz"
    "version" "7.0.1"
    dependencies:
      "to-regex-range" "^5.0.1"
  
  "for-each@^0.3.3":
    "integrity" "sha512-jqYfLp7mo9vIyQf8ykW2v7A+2N4QjeCeI5+Dz9XraiO1ign81wjiH7Fb9vSOWvQfNtmSa4H2RoQTrrXivdUZmw=="
    "resolved" "https://registry.npmjs.org/for-each/-/for-each-0.3.3.tgz"
    "version" "0.3.3"
    dependencies:
      "is-callable" "^1.1.3"
  
  "fsevents@~2.3.2":
    "integrity" "sha512-xiqMQR4xAeHTuB9uWm+fFRcIOgKBMiOBP+eXiyT7jsgVCq1bkVygt00oASowB7EdtpOHaaPgKt812P9ab+DDKA=="
    "resolved" "https://registry.npmjs.org/fsevents/-/fsevents-2.3.2.tgz"
    "version" "2.3.2"
  
  "function-bind@^1.1.1":
    "integrity" "sha512-yIovAzMX49sF8Yl58fSCWJ5svSLuaibPxXQJFLmBObTuCr0Mf1KiPopGM9NiFjiYBCbfaa2Fh6breQ6ANVTI0A=="
    "resolved" "https://registry.npmjs.org/function-bind/-/function-bind-1.1.1.tgz"
    "version" "1.1.1"
  
  "function.prototype.name@^1.1.5":
    "integrity" "sha512-uN7m/BzVKQnCUF/iW8jYea67v++2u7m5UgENbHRtdDVclOUP+FMPlCNdmk0h/ysGyo2tavMJEDqJAkJdRa1vMA=="
    "resolved" "https://registry.npmjs.org/function.prototype.name/-/function.prototype.name-1.1.5.tgz"
    "version" "1.1.5"
    dependencies:
      "call-bind" "^1.0.2"
      "define-properties" "^1.1.3"
      "es-abstract" "^1.19.0"
      "functions-have-names" "^1.2.2"
  
  "functions-have-names@^1.2.2":
    "integrity" "sha512-xckBUXyTIqT97tq2x2AMb+g163b5JFysYk0x4qxNFwbfQkmNZoiRHb6sPzI9/QV33WeuvVYBUIiD4NzNIyqaRQ=="
    "resolved" "https://registry.npmjs.org/functions-have-names/-/functions-have-names-1.2.3.tgz"
    "version" "1.2.3"
  
  "get-intrinsic@^1.0.2", "get-intrinsic@^1.1.0", "get-intrinsic@^1.1.1", "get-intrinsic@^1.1.3":
    "integrity" "sha512-QJVz1Tj7MS099PevUG5jvnt9tSkXN8K14dxQlikJuPt4uD9hHAHjLyLBiLR5zELelBdD9QNRAXZzsJx0WaDL9A=="
    "resolved" "https://registry.npmjs.org/get-intrinsic/-/get-intrinsic-1.1.3.tgz"
    "version" "1.1.3"
    dependencies:
      "function-bind" "^1.1.1"
      "has" "^1.0.3"
      "has-symbols" "^1.0.3"
  
  "get-symbol-description@^1.0.0":
    "integrity" "sha512-2EmdH1YvIQiZpltCNgkuiUnyukzxM/R6NDJX31Ke3BG1Nq5b0S2PhX59UKi9vZpPDQVdqn+1IcaAwnzTT5vCjw=="
    "resolved" "https://registry.npmjs.org/get-symbol-description/-/get-symbol-description-1.0.0.tgz"
    "version" "1.0.0"
    dependencies:
      "call-bind" "^1.0.2"
      "get-intrinsic" "^1.1.1"
  
  "glob-parent@~5.1.2":
    "integrity" "sha512-AOIgSQCepiJYwP3ARnGx+5VnTu2HBYdzbGP45eLw1vr3zB3vZLeyed1sC9hnbcOc9/SrMyM5RPQrkGz4aS9Zow=="
    "resolved" "https://registry.npmjs.org/glob-parent/-/glob-parent-5.1.2.tgz"
    "version" "5.1.2"
    dependencies:
      "is-glob" "^4.0.1"
  
  "has-bigints@^1.0.1", "has-bigints@^1.0.2":
    "integrity" "sha512-tSvCKtBr9lkF0Ex0aQiP9N+OpV4zi2r/Nee5VkRDbaqv35RLYMzbwQfFSZZH0kR+Rd6302UJZ2p/bJCEoR3VoQ=="
    "resolved" "https://registry.npmjs.org/has-bigints/-/has-bigints-1.0.2.tgz"
    "version" "1.0.2"
  
  "has-property-descriptors@^1.0.0":
    "integrity" "sha512-62DVLZGoiEBDHQyqG4w9xCuZ7eJEwNmJRWw2VY84Oedb7WFcA27fiEVe8oUQx9hAUJ4ekurquucTGwsyO1XGdQ=="
    "resolved" "https://registry.npmjs.org/has-property-descriptors/-/has-property-descriptors-1.0.0.tgz"
    "version" "1.0.0"
    dependencies:
      "get-intrinsic" "^1.1.1"
  
  "has-symbols@^1.0.2", "has-symbols@^1.0.3":
    "integrity" "sha512-l3LCuF6MgDNwTDKkdYGEihYjt5pRPbEg46rtlmnSPlUbgmB8LOIrKJbYYFBSbnPaJexMKtiPO8hmeRjRz2Td+A=="
    "resolved" "https://registry.npmjs.org/has-symbols/-/has-symbols-1.0.3.tgz"
    "version" "1.0.3"
  
  "has-tostringtag@^1.0.0":
    "integrity" "sha512-kFjcSNhnlGV1kyoGk7OXKSawH5JOb/LzUc5w9B02hOTO0dfFRjbHQKvg1d6cf3HbeUmtU9VbbV3qzZ2Teh97WQ=="
    "resolved" "https://registry.npmjs.org/has-tostringtag/-/has-tostringtag-1.0.0.tgz"
    "version" "1.0.0"
    dependencies:
      "has-symbols" "^1.0.2"
  
  "has@^1.0.3":
    "integrity" "sha512-f2dvO0VU6Oej7RkWJGrehjbzMAjFp5/VKPp5tTpWIV4JHHZK1/BxbFRtf/siA2SWTe09caDmVtYYzWEIbBS4zw=="
    "resolved" "https://registry.npmjs.org/has/-/has-1.0.3.tgz"
    "version" "1.0.3"
    dependencies:
      "function-bind" "^1.1.1"
  
  "ieee754@^1.1.4", "ieee754@1.1.13":
    "integrity" "sha512-4vf7I2LYV/HaWerSo3XmlMkp5eZ83i+/CDluXi/IGTs/O1sejBNhTtnxzmRZfvOUqj7lZjqHkeTvpgSFDlWZTg=="
    "resolved" "https://registry.npmjs.org/ieee754/-/ieee754-1.1.13.tgz"
    "version" "1.1.13"
  
  "inherits@^2.0.3":
    "integrity" "sha512-k/vGaX4/Yla3WzyMCvTQOXYeIHvqOKtnqBduzTHpzpQZzAskKMhZ2K+EnBiSM9zGSoIFeMpXKxa4dYeZIQqewQ=="
    "resolved" "https://registry.npmjs.org/inherits/-/inherits-2.0.4.tgz"
    "version" "2.0.4"
  
  "internal-slot@^1.0.3":
    "integrity" "sha512-O0DB1JC/sPyZl7cIo78n5dR7eUSwwpYPiXRhTzNxZVAMUuB8vlnRFyLxdrVToks6XPLVnFfbzaVd5WLjhgg+vA=="
    "resolved" "https://registry.npmjs.org/internal-slot/-/internal-slot-1.0.3.tgz"
    "version" "1.0.3"
    dependencies:
      "get-intrinsic" "^1.1.0"
      "has" "^1.0.3"
      "side-channel" "^1.0.4"
  
  "is-arguments@^1.0.4":
    "integrity" "sha512-8Q7EARjzEnKpt/PCD7e1cgUS0a6X8u5tdSiMqXhojOdoV9TsMsiO+9VLC5vAmO8N7/GmXn7yjR8qnA6bVAEzfA=="
    "resolved" "https://registry.npmjs.org/is-arguments/-/is-arguments-1.1.1.tgz"
    "version" "1.1.1"
    dependencies:
      "call-bind" "^1.0.2"
      "has-tostringtag" "^1.0.0"
  
  "is-bigint@^1.0.1":
    "integrity" "sha512-zB9CruMamjym81i2JZ3UMn54PKGsQzsJeo6xvN3HJJ4CAsQNB6iRutp2To77OfCNuoxspsIhzaPoO1zyCEhFOg=="
    "resolved" "https://registry.npmjs.org/is-bigint/-/is-bigint-1.0.4.tgz"
    "version" "1.0.4"
    dependencies:
      "has-bigints" "^1.0.1"
  
  "is-binary-path@~2.1.0":
    "integrity" "sha512-ZMERYes6pDydyuGidse7OsHxtbI7WVeUEozgR/g7rd0xUimYNlvZRE/K2MgZTjWy725IfelLeVcEM97mmtRGXw=="
    "resolved" "https://registry.npmjs.org/is-binary-path/-/is-binary-path-2.1.0.tgz"
    "version" "2.1.0"
    dependencies:
      "binary-extensions" "^2.0.0"
  
  "is-boolean-object@^1.1.0":
    "integrity" "sha512-gDYaKHJmnj4aWxyj6YHyXVpdQawtVLHU5cb+eztPGczf6cjuTdwve5ZIEfgXqH4e57An1D1AKf8CZ3kYrQRqYA=="
    "resolved" "https://registry.npmjs.org/is-boolean-object/-/is-boolean-object-1.1.2.tgz"
    "version" "1.1.2"
    dependencies:
      "call-bind" "^1.0.2"
      "has-tostringtag" "^1.0.0"
  
  "is-callable@^1.1.3", "is-callable@^1.1.4", "is-callable@^1.2.6":
    "integrity" "sha512-1BC0BVFhS/p0qtw6enp8e+8OD0UrK0oFLztSjNzhcKA3WDuJxxAPXzPuPtKkjEY9UUoEWlX/8fgKeu2S8i9JTA=="
    "resolved" "https://registry.npmjs.org/is-callable/-/is-callable-1.2.7.tgz"
    "version" "1.2.7"
  
  "is-date-object@^1.0.1":
    "integrity" "sha512-9YQaSxsAiSwcvS33MBk3wTCVnWK+HhF8VZR2jRxehM16QcVOdHqPn4VPHmRK4lSr38n9JriurInLcP90xsYNfQ=="
    "resolved" "https://registry.npmjs.org/is-date-object/-/is-date-object-1.0.5.tgz"
    "version" "1.0.5"
    dependencies:
      "has-tostringtag" "^1.0.0"
  
  "is-extglob@^2.1.1":
    "integrity" "sha512-SbKbANkN603Vi4jEZv49LeVJMn4yGwsbzZworEoyEiutsN3nJYdbO36zfhGJ6QEDpOZIFkDtnq5JRxmvl3jsoQ=="
    "resolved" "https://registry.npmjs.org/is-extglob/-/is-extglob-2.1.1.tgz"
    "version" "2.1.1"
  
  "is-generator-function@^1.0.7":
    "integrity" "sha512-jsEjy9l3yiXEQ+PsXdmBwEPcOxaXWLspKdplFUVI9vq1iZgIekeC0L167qeu86czQaxed3q/Uzuw0swL0irL8A=="
    "resolved" "https://registry.npmjs.org/is-generator-function/-/is-generator-function-1.0.10.tgz"
    "version" "1.0.10"
    dependencies:
      "has-tostringtag" "^1.0.0"
  
  "is-glob@^4.0.1", "is-glob@~4.0.1":
    "integrity" "sha512-xelSayHH36ZgE7ZWhli7pW34hNbNl8Ojv5KVmkJD4hBdD3th8Tfk9vYasLM+mXWOZhFkgZfxhLSnrwRr4elSSg=="
    "resolved" "https://registry.npmjs.org/is-glob/-/is-glob-4.0.3.tgz"
    "version" "4.0.3"
    dependencies:
      "is-extglob" "^2.1.1"
  
  "is-negative-zero@^2.0.2":
    "integrity" "sha512-dqJvarLawXsFbNDeJW7zAz8ItJ9cd28YufuuFzh0G8pNHjJMnY08Dv7sYX2uF5UpQOwieAeOExEYAWWfu7ZZUA=="
    "resolved" "https://registry.npmjs.org/is-negative-zero/-/is-negative-zero-2.0.2.tgz"
    "version" "2.0.2"
  
  "is-number-object@^1.0.4":
    "integrity" "sha512-k1U0IRzLMo7ZlYIfzRu23Oh6MiIFasgpb9X76eqfFZAqwH44UI4KTBvBYIZ1dSL9ZzChTB9ShHfLkR4pdW5krQ=="
    "resolved" "https://registry.npmjs.org/is-number-object/-/is-number-object-1.0.7.tgz"
    "version" "1.0.7"
    dependencies:
      "has-tostringtag" "^1.0.0"
  
  "is-number@^7.0.0":
    "integrity" "sha512-41Cifkg6e8TylSpdtTpeLVMqvSBEVzTttHvERD741+pnZ8ANv0004MRL43QKPDlK9cGvNp6NZWZUBlbGXYxxng=="
    "resolved" "https://registry.npmjs.org/is-number/-/is-number-7.0.0.tgz"
    "version" "7.0.0"
  
  "is-regex@^1.1.4":
    "integrity" "sha512-kvRdxDsxZjhzUX07ZnLydzS1TU/TJlTUHHY4YLL87e37oUA49DfkLqgy+VjFocowy29cKvcSiu+kIv728jTTVg=="
    "resolved" "https://registry.npmjs.org/is-regex/-/is-regex-1.1.4.tgz"
    "version" "1.1.4"
    dependencies:
      "call-bind" "^1.0.2"
      "has-tostringtag" "^1.0.0"
  
  "is-shared-array-buffer@^1.0.2":
    "integrity" "sha512-sqN2UDu1/0y6uvXyStCOzyhAjCSlHceFoMKJW8W9EU9cvic/QdsZ0kEU93HEy3IUEFZIiH/3w+AH/UQbPHNdhA=="
    "resolved" "https://registry.npmjs.org/is-shared-array-buffer/-/is-shared-array-buffer-1.0.2.tgz"
    "version" "1.0.2"
    dependencies:
      "call-bind" "^1.0.2"
  
  "is-string@^1.0.5", "is-string@^1.0.7":
    "integrity" "sha512-tE2UXzivje6ofPW7l23cjDOMa09gb7xlAqG6jG5ej6uPV32TlWP3NKPigtaGeHNu9fohccRYvIiZMfOOnOYUtg=="
    "resolved" "https://registry.npmjs.org/is-string/-/is-string-1.0.7.tgz"
    "version" "1.0.7"
    dependencies:
      "has-tostringtag" "^1.0.0"
  
  "is-symbol@^1.0.2", "is-symbol@^1.0.3":
    "integrity" "sha512-C/CPBqKWnvdcxqIARxyOh4v1UUEOCHpgDa0WYgpKDFMszcrPcffg5uhwSgPCLD2WWxmq6isisz87tzT01tuGhg=="
    "resolved" "https://registry.npmjs.org/is-symbol/-/is-symbol-1.0.4.tgz"
    "version" "1.0.4"
    dependencies:
      "has-symbols" "^1.0.2"
  
  "is-typed-array@^1.1.3", "is-typed-array@^1.1.9":
    "integrity" "sha512-kfrlnTTn8pZkfpJMUgYD7YZ3qzeJgWUn8XfVYBARc4wnmNOmLbmuuaAs3q5fvB0UJOn6yHAKaGTPM7d6ezoD/A=="
    "resolved" "https://registry.npmjs.org/is-typed-array/-/is-typed-array-1.1.9.tgz"
    "version" "1.1.9"
    dependencies:
      "available-typed-arrays" "^1.0.5"
      "call-bind" "^1.0.2"
      "es-abstract" "^1.20.0"
      "for-each" "^0.3.3"
      "has-tostringtag" "^1.0.0"
  
  "is-weakref@^1.0.2":
    "integrity" "sha512-qctsuLZmIQ0+vSSMfoVvyFe2+GSEvnmZ2ezTup1SBse9+twCCeial6EEi3Nc2KFcf6+qz2FBPnjXsk8xhKSaPQ=="
    "resolved" "https://registry.npmjs.org/is-weakref/-/is-weakref-1.0.2.tgz"
    "version" "1.0.2"
    dependencies:
      "call-bind" "^1.0.2"
  
  "isarray@^1.0.0":
    "integrity" "sha512-VLghIWNM6ELQzo7zwmcg0NmTVyWKYjvIeM83yjp0wRDTmUnrM678fQbcKBo6n2CJEF0szoG//ytg+TKla89ALQ=="
    "resolved" "https://registry.npmjs.org/isarray/-/isarray-1.0.0.tgz"
    "version" "1.0.0"
  
  "isomorphic-unfetch@^3.0.0":
    "integrity" "sha512-geDJjpoZ8N0kWexiwkX8F9NkTsXhetLPVbZFQ+JTW239QNOwvB0gniuR1Wc6f0AMTn7/mFGyXvHTifrCp/GH8Q=="
    "resolved" "https://registry.npmjs.org/isomorphic-unfetch/-/isomorphic-unfetch-3.1.0.tgz"
    "version" "3.1.0"
    dependencies:
      "node-fetch" "^2.6.1"
      "unfetch" "^4.2.0"
  
  "jmespath@0.16.0":
    "integrity" "sha512-9FzQjJ7MATs1tSpnco1K6ayiYE3figslrXA72G2HQ/n76RzvYlofyi5QM+iX4YRs/pu3yzxlVQSST23+dMDknw=="
    "resolved" "https://registry.npmjs.org/jmespath/-/jmespath-0.16.0.tgz"
    "version" "0.16.0"
  
  "js-cookie@^2.2.1":
    "integrity" "sha512-HvdH2LzI/EAZcUwA8+0nKNtWHqS+ZmijLA30RwZA0bo7ToCckjK5MkGhjED9KoRcXO6BaGI3I9UIzSA1FKFPOQ=="
    "resolved" "https://registry.npmjs.org/js-cookie/-/js-cookie-2.2.1.tgz"
    "version" "2.2.1"
  
  "node-fetch@^2.6.1":
    "integrity" "sha512-ZjMPFEfVx5j+y2yF35Kzx5sF7kDzxuDj6ziH4FFbOp87zKDZNx8yExJIb05OGF4Nlt9IHFIMBkRl41VdvcNdbQ=="
    "resolved" "https://registry.npmjs.org/node-fetch/-/node-fetch-2.6.7.tgz"
    "version" "2.6.7"
    dependencies:
      "whatwg-url" "^5.0.0"
  
  "normalize-path@^3.0.0", "normalize-path@~3.0.0":
    "integrity" "sha512-6eZs5Ls3WtCisHWp9S2GUy8dqkpGi4BVSz3GaqiE6ezub0512ESztXUwUB6C6IKbQkY2Pnb/mD4WYojCRwcwLA=="
    "resolved" "https://registry.npmjs.org/normalize-path/-/normalize-path-3.0.0.tgz"
    "version" "3.0.0"
  
  "object-inspect@^1.12.2", "object-inspect@^1.9.0":
    "integrity" "sha512-z+cPxW0QGUp0mcqcsgQyLVRDoXFQbXOwBaqyF7VIgI4TWNQsDHrBpUQslRmIfAoYWdYzs6UlKJtB2XJpTaNSpQ=="
    "resolved" "https://registry.npmjs.org/object-inspect/-/object-inspect-1.12.2.tgz"
    "version" "1.12.2"
  
  "object-keys@^1.1.1":
    "integrity" "sha512-NuAESUOUMrlIXOfHKzD6bpPu3tYt3xvjNdRIQ+FeT0lNb4K8WR70CaDxhuNguS2XG+GjkyMwOzsN5ZktImfhLA=="
    "resolved" "https://registry.npmjs.org/object-keys/-/object-keys-1.1.1.tgz"
    "version" "1.1.1"
  
  "object.assign@^4.1.4":
    "integrity" "sha512-1mxKf0e58bvyjSCtKYY4sRe9itRk3PJpquJOjeIkz885CczcI4IvJJDLPS72oowuSh+pBxUFROpX+TU++hxhZQ=="
    "resolved" "https://registry.npmjs.org/object.assign/-/object.assign-4.1.4.tgz"
    "version" "4.1.4"
    dependencies:
      "call-bind" "^1.0.2"
      "define-properties" "^1.1.4"
      "has-symbols" "^1.0.3"
      "object-keys" "^1.1.1"
  
  "picomatch@^2.0.4", "picomatch@^2.2.1":
    "integrity" "sha512-JU3teHTNjmE2VCGFzuY8EXzCDVwEqB2a8fsIvwaStHhAWJEeVd1o1QD80CU6+ZdEXXSLbSsuLwJjkCBWqRQUVA=="
    "resolved" "https://registry.npmjs.org/picomatch/-/picomatch-2.3.1.tgz"
    "version" "2.3.1"
  
  "punycode@1.3.2":
    "integrity" "sha512-RofWgt/7fL5wP1Y7fxE7/EmTLzQVnB0ycyibJ0OOHIlJqTNzglYFxVwETOcIoJqJmpDXJ9xImDv+Fq34F/d4Dw=="
    "resolved" "https://registry.npmjs.org/punycode/-/punycode-1.3.2.tgz"
    "version" "1.3.2"
  
  "querystring@0.2.0":
    "integrity" "sha512-X/xY82scca2tau62i9mDyU9K+I+djTMUsvwf7xnUX5GLvVzgJybOJf4Y6o9Zx3oJK/LSXg5tTZBjwzqVPaPO2g=="
    "resolved" "https://registry.npmjs.org/querystring/-/querystring-0.2.0.tgz"
    "version" "0.2.0"
  
  "readdirp@~3.6.0":
    "integrity" "sha512-hOS089on8RduqdbhvQ5Z37A0ESjsqz6qnRcffsMU3495FuTdqSm+7bhJ29JvIOsBDEEnan5DPu9t3To9VRlMzA=="
    "resolved" "https://registry.npmjs.org/readdirp/-/readdirp-3.6.0.tgz"
    "version" "3.6.0"
    dependencies:
      "picomatch" "^2.2.1"
  
  "regexp.prototype.flags@^1.4.3":
    "integrity" "sha512-fjggEOO3slI6Wvgjwflkc4NFRCTZAu5CnNfBd5qOMYhWdn67nJBBu34/TkD++eeFmd8C9r9jfXJ27+nSiRkSUA=="
    "resolved" "https://registry.npmjs.org/regexp.prototype.flags/-/regexp.prototype.flags-1.4.3.tgz"
    "version" "1.4.3"
    dependencies:
      "call-bind" "^1.0.2"
      "define-properties" "^1.1.3"
      "functions-have-names" "^1.2.2"
  
  "safe-buffer@^5.1.2":
    "integrity" "sha512-rp3So07KcdmmKbGvgaNxQSJr7bGVSVk5S9Eq1F+ppbRo70+YeaDxkw5Dd8NPN+GD6bjnYm2VuPuCXmpuYvmCXQ=="
    "resolved" "https://registry.npmjs.org/safe-buffer/-/safe-buffer-5.2.1.tgz"
    "version" "5.2.1"
  
  "safe-regex-test@^1.0.0":
    "integrity" "sha512-JBUUzyOgEwXQY1NuPtvcj/qcBDbDmEvWufhlnXZIm75DEHp+afM1r1ujJpJsV/gSM4t59tpDyPi1sd6ZaPFfsA=="
    "resolved" "https://registry.npmjs.org/safe-regex-test/-/safe-regex-test-1.0.0.tgz"
    "version" "1.0.0"
    dependencies:
      "call-bind" "^1.0.2"
      "get-intrinsic" "^1.1.3"
      "is-regex" "^1.1.4"
  
  "sax@>=0.6.0", "sax@1.2.1":
    "integrity" "sha512-8I2a3LovHTOpm7NV5yOyO8IHqgVsfK4+UuySrXU8YXkSRX7k6hCV9b3HrkKCr3nMpgj+0bmocaJJWpvp1oc7ZA=="
    "resolved" "https://registry.npmjs.org/sax/-/sax-1.2.1.tgz"
    "version" "1.2.1"
  
  "side-channel@^1.0.4":
    "integrity" "sha512-q5XPytqFEIKHkGdiMIrY10mvLRvnQh42/+GoBlFW3b2LXLE2xxJpZFdm94we0BaoV3RwJyGqg5wS7epxTv0Zvw=="
    "resolved" "https://registry.npmjs.org/side-channel/-/side-channel-1.0.4.tgz"
    "version" "1.0.4"
    dependencies:
      "call-bind" "^1.0.0"
      "get-intrinsic" "^1.0.2"
      "object-inspect" "^1.9.0"
  
  "string.prototype.trimend@^1.0.5":
    "integrity" "sha512-I7RGvmjV4pJ7O3kdf+LXFpVfdNOxtCW/2C8f6jNiW4+PQchwxkCDzlk1/7p+Wl4bqFIZeF47qAHXLuHHWKAxog=="
    "resolved" "https://registry.npmjs.org/string.prototype.trimend/-/string.prototype.trimend-1.0.5.tgz"
    "version" "1.0.5"
    dependencies:
      "call-bind" "^1.0.2"
      "define-properties" "^1.1.4"
      "es-abstract" "^1.19.5"
  
  "string.prototype.trimstart@^1.0.5":
    "integrity" "sha512-THx16TJCGlsN0o6dl2o6ncWUsdgnLRSA23rRE5pyGBw/mLr3Ej/R2LaqCtgP8VNMGZsvMWnf9ooZPyY2bHvUFg=="
    "resolved" "https://registry.npmjs.org/string.prototype.trimstart/-/string.prototype.trimstart-1.0.5.tgz"
    "version" "1.0.5"
    dependencies:
      "call-bind" "^1.0.2"
      "define-properties" "^1.1.4"
      "es-abstract" "^1.19.5"
  
  "to-regex-range@^5.0.1":
    "integrity" "sha512-65P7iz6X5yEr1cwcgvQxbbIw7Uk3gOy5dIdtZ4rDveLqhrdJP+Li/Hx6tyK0NEb+2GCyneCMJiGqrADCSNk8sQ=="
    "resolved" "https://registry.npmjs.org/to-regex-range/-/to-regex-range-5.0.1.tgz"
    "version" "5.0.1"
    dependencies:
      "is-number" "^7.0.0"
  
  "tr46@~0.0.3":
    "integrity" "sha512-N3WMsuqV66lT30CrXNbEjx4GEwlow3v6rr4mCcv6prnfwhS01rkgyFdjPNBYd9br7LpXV1+Emh01fHnq2Gdgrw=="
    "resolved" "https://registry.npmjs.org/tr46/-/tr46-0.0.3.tgz"
    "version" "0.0.3"
  
  "typescript@^4.5.5":
    "integrity" "sha512-QCh+85mCy+h0IGff8r5XWzOVSbBO+KfeYrMQh7NJ58QujwcE22u+NUSmUxqF+un70P9GXKxa2HCNiTTMJknyjQ=="
    "resolved" "https://registry.npmjs.org/typescript/-/typescript-4.8.4.tgz"
    "version" "4.8.4"
  
  "unbox-primitive@^1.0.2":
    "integrity" "sha512-61pPlCD9h51VoreyJ0BReideM3MDKMKnh6+V9L08331ipq6Q8OFXZYiqP6n/tbHx4s5I9uRhcye6BrbkizkBDw=="
    "resolved" "https://registry.npmjs.org/unbox-primitive/-/unbox-primitive-1.0.2.tgz"
    "version" "1.0.2"
    dependencies:
      "call-bind" "^1.0.2"
      "has-bigints" "^1.0.2"
      "has-symbols" "^1.0.3"
      "which-boxed-primitive" "^1.0.2"
  
  "unfetch@^4.2.0":
    "integrity" "sha512-F9p7yYCn6cIW9El1zi0HI6vqpeIvBsr3dSuRO6Xuppb1u5rXpCPmMvLSyECLhybr9isec8Ohl0hPekMVrEinDA=="
    "resolved" "https://registry.npmjs.org/unfetch/-/unfetch-4.2.0.tgz"
    "version" "4.2.0"
  
  "url@0.10.3":
    "integrity" "sha512-hzSUW2q06EqL1gKM/a+obYHLIO6ct2hwPuviqTTOcfFVc61UbfJ2Q32+uGL/HCPxKqrdGB5QUwIe7UqlDgwsOQ=="
    "resolved" "https://registry.npmjs.org/url/-/url-0.10.3.tgz"
    "version" "0.10.3"
    dependencies:
      "punycode" "1.3.2"
      "querystring" "0.2.0"
  
  "util@^0.12.4":
    "integrity" "sha512-bxZ9qtSlGUWSOy9Qa9Xgk11kSslpuZwaxCg4sNIDj6FLucDab2JxnHwyNTCpHMtK1MjoQiWQ6DiUMZYbSrO+Sw=="
    "resolved" "https://registry.npmjs.org/util/-/util-0.12.4.tgz"
    "version" "0.12.4"
    dependencies:
      "inherits" "^2.0.3"
      "is-arguments" "^1.0.4"
      "is-generator-function" "^1.0.7"
      "is-typed-array" "^1.1.3"
      "safe-buffer" "^5.1.2"
      "which-typed-array" "^1.1.2"
  
  "uuid@8.0.0":
    "integrity" "sha512-jOXGuXZAWdsTH7eZLtyXMqUb9EcWMGZNbL9YcGBJl4MH4nrxHmZJhEHvyLFrkxo+28uLb/NYRcStH48fnD0Vzw=="
    "resolved" "https://registry.npmjs.org/uuid/-/uuid-8.0.0.tgz"
    "version" "8.0.0"
  
  "webidl-conversions@^3.0.0":
    "integrity" "sha512-2JAn3z8AR6rjK8Sm8orRC0h/bcl/DqL7tRPdGZ4I1CjdF+EaMLmYxBHyXuKL849eucPFhvBoxMsflfOb8kxaeQ=="
    "resolved" "https://registry.npmjs.org/webidl-conversions/-/webidl-conversions-3.0.1.tgz"
    "version" "3.0.1"
  
  "whatwg-url@^5.0.0":
    "integrity" "sha512-saE57nupxk6v3HY35+jzBwYa0rKSy0XR8JSxZPwgLr7ys0IBzhGviA1/TUGJLmSVqs8pb9AnvICXEuOHLprYTw=="
    "resolved" "https://registry.npmjs.org/whatwg-url/-/whatwg-url-5.0.0.tgz"
    "version" "5.0.0"
    dependencies:
      "tr46" "~0.0.3"
      "webidl-conversions" "^3.0.0"
  
  "which-boxed-primitive@^1.0.2":
    "integrity" "sha512-bwZdv0AKLpplFY2KZRX6TvyuN7ojjr7lwkg6ml0roIy9YeuSr7JS372qlNW18UQYzgYK9ziGcerWqZOmEn9VNg=="
    "resolved" "https://registry.npmjs.org/which-boxed-primitive/-/which-boxed-primitive-1.0.2.tgz"
    "version" "1.0.2"
    dependencies:
      "is-bigint" "^1.0.1"
      "is-boolean-object" "^1.1.0"
      "is-number-object" "^1.0.4"
      "is-string" "^1.0.5"
      "is-symbol" "^1.0.3"
  
  "which-typed-array@^1.1.2":
    "integrity" "sha512-Jn4e5PItbcAHyLoRDwvPj1ypu27DJbtdYXUa5zsinrUx77Uvfb0cXwwnGMTn7cjUfhhqgVQnVJCwF+7cgU7tpw=="
    "resolved" "https://registry.npmjs.org/which-typed-array/-/which-typed-array-1.1.8.tgz"
    "version" "1.1.8"
    dependencies:
      "available-typed-arrays" "^1.0.5"
      "call-bind" "^1.0.2"
      "es-abstract" "^1.20.0"
      "for-each" "^0.3.3"
      "has-tostringtag" "^1.0.0"
      "is-typed-array" "^1.1.9"
  
  "xml2js@0.4.19":
    "integrity" "sha512-esZnJZJOiJR9wWKMyuvSE1y6Dq5LCuJanqhxslH2bxM6duahNZ+HMpCLhBQGZkbX6xRf8x1Y2eJlgt2q3qo49Q=="
    "resolved" "https://registry.npmjs.org/xml2js/-/xml2js-0.4.19.tgz"
    "version" "0.4.19"
    dependencies:
      "sax" ">=0.6.0"
      "xmlbuilder" "~9.0.1"
  
  "xmlbuilder@~9.0.1":
    "integrity" "sha512-7YXTQc3P2l9+0rjaUbLwMKRhtmwg1M1eDf6nag7urC7pIPYLD9W/jmzQ4ptRSUbodw5S0jfoGTflLemQibSpeQ=="
    "resolved" "https://registry.npmjs.org/xmlbuilder/-/xmlbuilder-9.0.7.tgz"
    "version" "9.0.7"
